<?xml version="1.0" encoding="UTF-8"?>
<beans xmlns="http://www.springframework.org/schema/beans"
    xmlns:xsi="http://www.w3.org/2001/XMLSchema-instance"
    xmlns:context="http://www.springframework.org/schema/context"
    xmlns:tx="http://www.springframework.org/schema/tx"
    xsi:schemaLocation="
        http://www.springframework.org/schema/beans
        http://www.springframework.org/schema/beans/spring-beans-3.0.xsd
        http://www.springframework.org/schema/context
        http://www.springframework.org/schema/context/spring-context-3.0.xsd
        http://www.springframework.org/schema/tx
        http://www.springframework.org/schema/tx/spring-tx-3.0.xsd">

	<context:property-placeholder location="classpath:*.properties" />

	<bean id="dataSource" class="org.apache.commons.dbcp.BasicDataSource" destroy-method="close">
		<property name="driverClassName" value="oracle.jdbc.driver.OracleDriver" />
		<property name="url" value="jdbc:oracle:thin:@localhost:1521:xe" />
		<property name="username" value="cmts" />
		<property name="password" value="cmts1" />
	</bean>

	<bean id="sessionFactory" class="org.springframework.orm.hibernate3.annotation.AnnotationSessionFactoryBean">
		<property name="dataSource" ref="dataSource"/>
		<property name="mappingDirectoryLocations">
			<list>
				<value>classpath:hibernate</value>
			</list>
		</property>
		<property name="packagesToScan">
			<list>
				<value>com.wellsfargo.cmts.model</value>
			</list>
		</property>
		<property name="hibernateProperties">
			<props>
				<prop key="hibernate.dialect">org.hibernate.dialect.Oracle10gDialect</prop>
				<prop key="hibernate.jdbc.use_streams_for_binary">true</prop>
                <prop key="hibernate.format_sql">true</prop>
				<prop key="hibernate.show_sql">true</prop>
                <!--<prop key="hibernate.hbm2ddl.auto">create</prop>-->
			</props>
		</property>
		<property name="entityInterceptor">
			<bean class="com.wellsfargo.cmts.interceptor.AuditInterceptor"/>
		</property>
        <property name="lobHandler" ref="oracleLobHandler"/>
	</bean>

	<bean id="oracleLobHandler" class="org.springframework.jdbc.support.lob.OracleLobHandler" lazy-init="true">
        <property name="nativeJdbcExtractor">
            <ref local="nativeJdbcExtractor"/>
        </property>
    </bean>

    <bean id="nativeJdbcExtractor" class="org.springframework.jdbc.support.nativejdbc.CommonsDbcpNativeJdbcExtractor"/>
</beans>
